<testsuites id="" name="" tests="2" failures="2" skipped="0" errors="0" time="7.5532189999999995">
<testsuite name="chatbot-intake-flow.spec.ts" timestamp="2026-01-29T03:20:32.111Z" hostname="chromium" tests="2" failures="2" skipped="0" time="1.345" errors="0">
<testcase name="Chatbot Deterministic Intake Flow › should start with the welcome message and the first intake question" classname="chatbot-intake-flow.spec.ts" time="0.678">
<failure message="chatbot-intake-flow.spec.ts:11:7 should start with the welcome message and the first intake question" type="FAILURE">
<![CDATA[  [chromium] › chatbot-intake-flow.spec.ts:11:7 › Chatbot Deterministic Intake Flow › should start with the welcome message and the first intake question 

    Error: page.goto: net::ERR_CONNECTION_REFUSED at http://localhost:3001/
    Call log:
      - navigating to "http://localhost:3001/", waiting until "load"


      3 | test.describe('Chatbot Deterministic Intake Flow', () => {
      4 |   test.beforeEach(async ({ page }) => {
    > 5 |     await page.goto('/');
        |                ^
      6 |     await page.evaluate(() => sessionStorage.clear());
      7 |     await page.reload();
      8 |     await page.waitForLoadState('networkidle');
        at /root/damaian/e2e/chatbot-intake-flow.spec.ts:5:16

    attachment #1: screenshot (image/png) ──────────────────────────────────────────────────────────
    ../test-results/chatbot-intake-flow-Chatbo-e01ad-d-the-first-intake-question-chromium/test-failed-1.png
    ────────────────────────────────────────────────────────────────────────────────────────────────

    attachment #2: video (video/webm) ──────────────────────────────────────────────────────────────
    ../test-results/chatbot-intake-flow-Chatbo-e01ad-d-the-first-intake-question-chromium/video.webm
    ────────────────────────────────────────────────────────────────────────────────────────────────

    Retry #1 ───────────────────────────────────────────────────────────────────────────────────────

    Error: page.goto: net::ERR_CONNECTION_REFUSED at http://localhost:3001/
    Call log:
      - navigating to "http://localhost:3001/", waiting until "load"


      3 | test.describe('Chatbot Deterministic Intake Flow', () => {
      4 |   test.beforeEach(async ({ page }) => {
    > 5 |     await page.goto('/');
        |                ^
      6 |     await page.evaluate(() => sessionStorage.clear());
      7 |     await page.reload();
      8 |     await page.waitForLoadState('networkidle');
        at /root/damaian/e2e/chatbot-intake-flow.spec.ts:5:16

    attachment #1: screenshot (image/png) ──────────────────────────────────────────────────────────
    ../test-results/chatbot-intake-flow-Chatbo-e01ad-d-the-first-intake-question-chromium-retry1/test-failed-1.png
    ────────────────────────────────────────────────────────────────────────────────────────────────

    attachment #2: video (video/webm) ──────────────────────────────────────────────────────────────
    ../test-results/chatbot-intake-flow-Chatbo-e01ad-d-the-first-intake-question-chromium-retry1/video.webm
    ────────────────────────────────────────────────────────────────────────────────────────────────

    attachment #3: trace (application/zip) ─────────────────────────────────────────────────────────
    ../test-results/chatbot-intake-flow-Chatbo-e01ad-d-the-first-intake-question-chromium-retry1/trace.zip
    Usage:

        npx playwright show-trace ../test-results/chatbot-intake-flow-Chatbo-e01ad-d-the-first-intake-question-chromium-retry1/trace.zip

    ────────────────────────────────────────────────────────────────────────────────────────────────

    Retry #2 ───────────────────────────────────────────────────────────────────────────────────────

    Error: page.goto: net::ERR_CONNECTION_REFUSED at http://localhost:3001/
    Call log:
      - navigating to "http://localhost:3001/", waiting until "load"


      3 | test.describe('Chatbot Deterministic Intake Flow', () => {
      4 |   test.beforeEach(async ({ page }) => {
    > 5 |     await page.goto('/');
        |                ^
      6 |     await page.evaluate(() => sessionStorage.clear());
      7 |     await page.reload();
      8 |     await page.waitForLoadState('networkidle');
        at /root/damaian/e2e/chatbot-intake-flow.spec.ts:5:16

    attachment #1: screenshot (image/png) ──────────────────────────────────────────────────────────
    ../test-results/chatbot-intake-flow-Chatbo-e01ad-d-the-first-intake-question-chromium-retry2/test-failed-1.png
    ────────────────────────────────────────────────────────────────────────────────────────────────

    attachment #2: video (video/webm) ──────────────────────────────────────────────────────────────
    ../test-results/chatbot-intake-flow-Chatbo-e01ad-d-the-first-intake-question-chromium-retry2/video.webm
    ────────────────────────────────────────────────────────────────────────────────────────────────

    Retry #3 ───────────────────────────────────────────────────────────────────────────────────────

    Error: page.goto: net::ERR_CONNECTION_REFUSED at http://localhost:3001/
    Call log:
      - navigating to "http://localhost:3001/", waiting until "load"


      3 | test.describe('Chatbot Deterministic Intake Flow', () => {
      4 |   test.beforeEach(async ({ page }) => {
    > 5 |     await page.goto('/');
        |                ^
      6 |     await page.evaluate(() => sessionStorage.clear());
      7 |     await page.reload();
      8 |     await page.waitForLoadState('networkidle');
        at /root/damaian/e2e/chatbot-intake-flow.spec.ts:5:16

    attachment #1: screenshot (image/png) ──────────────────────────────────────────────────────────
    ../test-results/chatbot-intake-flow-Chatbo-e01ad-d-the-first-intake-question-chromium-retry3/test-failed-1.png
    ────────────────────────────────────────────────────────────────────────────────────────────────

    attachment #2: video (video/webm) ──────────────────────────────────────────────────────────────
    ../test-results/chatbot-intake-flow-Chatbo-e01ad-d-the-first-intake-question-chromium-retry3/video.webm
    ────────────────────────────────────────────────────────────────────────────────────────────────
]]>
</failure>
<system-out>
<![CDATA[
[[ATTACHMENT|chatbot-intake-flow-Chatbo-e01ad-d-the-first-intake-question-chromium/test-failed-1.png]]

[[ATTACHMENT|chatbot-intake-flow-Chatbo-e01ad-d-the-first-intake-question-chromium/video.webm]]

[[ATTACHMENT|chatbot-intake-flow-Chatbo-e01ad-d-the-first-intake-question-chromium-retry1/test-failed-1.png]]

[[ATTACHMENT|chatbot-intake-flow-Chatbo-e01ad-d-the-first-intake-question-chromium-retry1/video.webm]]

[[ATTACHMENT|chatbot-intake-flow-Chatbo-e01ad-d-the-first-intake-question-chromium-retry1/trace.zip]]

[[ATTACHMENT|chatbot-intake-flow-Chatbo-e01ad-d-the-first-intake-question-chromium-retry2/test-failed-1.png]]

[[ATTACHMENT|chatbot-intake-flow-Chatbo-e01ad-d-the-first-intake-question-chromium-retry2/video.webm]]

[[ATTACHMENT|chatbot-intake-flow-Chatbo-e01ad-d-the-first-intake-question-chromium-retry3/test-failed-1.png]]

[[ATTACHMENT|chatbot-intake-flow-Chatbo-e01ad-d-the-first-intake-question-chromium-retry3/video.webm]]
]]>
</system-out>
</testcase>
<testcase name="Chatbot Deterministic Intake Flow › should handle user input and maintain the flow" classname="chatbot-intake-flow.spec.ts" time="0.667">
<failure message="chatbot-intake-flow.spec.ts:24:7 should handle user input and maintain the flow" type="FAILURE">
<![CDATA[  [chromium] › chatbot-intake-flow.spec.ts:24:7 › Chatbot Deterministic Intake Flow › should handle user input and maintain the flow 

    Error: page.goto: net::ERR_CONNECTION_REFUSED at http://localhost:3001/
    Call log:
      - navigating to "http://localhost:3001/", waiting until "load"


      3 | test.describe('Chatbot Deterministic Intake Flow', () => {
      4 |   test.beforeEach(async ({ page }) => {
    > 5 |     await page.goto('/');
        |                ^
      6 |     await page.evaluate(() => sessionStorage.clear());
      7 |     await page.reload();
      8 |     await page.waitForLoadState('networkidle');
        at /root/damaian/e2e/chatbot-intake-flow.spec.ts:5:16

    attachment #1: screenshot (image/png) ──────────────────────────────────────────────────────────
    ../test-results/chatbot-intake-flow-Chatbo-6547c-input-and-maintain-the-flow-chromium/test-failed-1.png
    ────────────────────────────────────────────────────────────────────────────────────────────────

    attachment #2: video (video/webm) ──────────────────────────────────────────────────────────────
    ../test-results/chatbot-intake-flow-Chatbo-6547c-input-and-maintain-the-flow-chromium/video.webm
    ────────────────────────────────────────────────────────────────────────────────────────────────

    Retry #1 ───────────────────────────────────────────────────────────────────────────────────────

    Error: page.goto: net::ERR_CONNECTION_REFUSED at http://localhost:3001/
    Call log:
      - navigating to "http://localhost:3001/", waiting until "load"


      3 | test.describe('Chatbot Deterministic Intake Flow', () => {
      4 |   test.beforeEach(async ({ page }) => {
    > 5 |     await page.goto('/');
        |                ^
      6 |     await page.evaluate(() => sessionStorage.clear());
      7 |     await page.reload();
      8 |     await page.waitForLoadState('networkidle');
        at /root/damaian/e2e/chatbot-intake-flow.spec.ts:5:16

    attachment #1: screenshot (image/png) ──────────────────────────────────────────────────────────
    ../test-results/chatbot-intake-flow-Chatbo-6547c-input-and-maintain-the-flow-chromium-retry1/test-failed-1.png
    ────────────────────────────────────────────────────────────────────────────────────────────────

    attachment #2: video (video/webm) ──────────────────────────────────────────────────────────────
    ../test-results/chatbot-intake-flow-Chatbo-6547c-input-and-maintain-the-flow-chromium-retry1/video.webm
    ────────────────────────────────────────────────────────────────────────────────────────────────

    attachment #3: trace (application/zip) ─────────────────────────────────────────────────────────
    ../test-results/chatbot-intake-flow-Chatbo-6547c-input-and-maintain-the-flow-chromium-retry1/trace.zip
    Usage:

        npx playwright show-trace ../test-results/chatbot-intake-flow-Chatbo-6547c-input-and-maintain-the-flow-chromium-retry1/trace.zip

    ────────────────────────────────────────────────────────────────────────────────────────────────

    Retry #2 ───────────────────────────────────────────────────────────────────────────────────────

    Error: page.goto: net::ERR_CONNECTION_REFUSED at http://localhost:3001/
    Call log:
      - navigating to "http://localhost:3001/", waiting until "load"


      3 | test.describe('Chatbot Deterministic Intake Flow', () => {
      4 |   test.beforeEach(async ({ page }) => {
    > 5 |     await page.goto('/');
        |                ^
      6 |     await page.evaluate(() => sessionStorage.clear());
      7 |     await page.reload();
      8 |     await page.waitForLoadState('networkidle');
        at /root/damaian/e2e/chatbot-intake-flow.spec.ts:5:16

    attachment #1: screenshot (image/png) ──────────────────────────────────────────────────────────
    ../test-results/chatbot-intake-flow-Chatbo-6547c-input-and-maintain-the-flow-chromium-retry2/test-failed-1.png
    ────────────────────────────────────────────────────────────────────────────────────────────────

    attachment #2: video (video/webm) ──────────────────────────────────────────────────────────────
    ../test-results/chatbot-intake-flow-Chatbo-6547c-input-and-maintain-the-flow-chromium-retry2/video.webm
    ────────────────────────────────────────────────────────────────────────────────────────────────

    Retry #3 ───────────────────────────────────────────────────────────────────────────────────────

    Error: page.goto: net::ERR_CONNECTION_REFUSED at http://localhost:3001/
    Call log:
      - navigating to "http://localhost:3001/", waiting until "load"


      3 | test.describe('Chatbot Deterministic Intake Flow', () => {
      4 |   test.beforeEach(async ({ page }) => {
    > 5 |     await page.goto('/');
        |                ^
      6 |     await page.evaluate(() => sessionStorage.clear());
      7 |     await page.reload();
      8 |     await page.waitForLoadState('networkidle');
        at /root/damaian/e2e/chatbot-intake-flow.spec.ts:5:16

    attachment #1: screenshot (image/png) ──────────────────────────────────────────────────────────
    ../test-results/chatbot-intake-flow-Chatbo-6547c-input-and-maintain-the-flow-chromium-retry3/test-failed-1.png
    ────────────────────────────────────────────────────────────────────────────────────────────────

    attachment #2: video (video/webm) ──────────────────────────────────────────────────────────────
    ../test-results/chatbot-intake-flow-Chatbo-6547c-input-and-maintain-the-flow-chromium-retry3/video.webm
    ────────────────────────────────────────────────────────────────────────────────────────────────
]]>
</failure>
<system-out>
<![CDATA[
[[ATTACHMENT|chatbot-intake-flow-Chatbo-6547c-input-and-maintain-the-flow-chromium/test-failed-1.png]]

[[ATTACHMENT|chatbot-intake-flow-Chatbo-6547c-input-and-maintain-the-flow-chromium/video.webm]]

[[ATTACHMENT|chatbot-intake-flow-Chatbo-6547c-input-and-maintain-the-flow-chromium-retry1/test-failed-1.png]]

[[ATTACHMENT|chatbot-intake-flow-Chatbo-6547c-input-and-maintain-the-flow-chromium-retry1/video.webm]]

[[ATTACHMENT|chatbot-intake-flow-Chatbo-6547c-input-and-maintain-the-flow-chromium-retry1/trace.zip]]

[[ATTACHMENT|chatbot-intake-flow-Chatbo-6547c-input-and-maintain-the-flow-chromium-retry2/test-failed-1.png]]

[[ATTACHMENT|chatbot-intake-flow-Chatbo-6547c-input-and-maintain-the-flow-chromium-retry2/video.webm]]

[[ATTACHMENT|chatbot-intake-flow-Chatbo-6547c-input-and-maintain-the-flow-chromium-retry3/test-failed-1.png]]

[[ATTACHMENT|chatbot-intake-flow-Chatbo-6547c-input-and-maintain-the-flow-chromium-retry3/video.webm]]
]]>
</system-out>
</testcase>
</testsuite>
</testsuites>