<testsuites id="" name="" tests="1" failures="0" skipped="0" errors="0" time="7.708468999999999">
<testsuite name="chatbot-comprehensive.spec.ts" timestamp="2026-01-28T16:32:36.128Z" hostname="chromium" tests="1" failures="0" skipped="0" time="6.873" errors="0">
<testcase name="Chatbot Comprehensive Tests - Development › should have visible text with proper contrast (no white-on-white)" classname="chatbot-comprehensive.spec.ts" time="6.873">
<system-out>
<![CDATA[Bot message styles: {
  color: [32m'rgb(15, 23, 42)'[39m,
  backgroundColor: [32m'rgba(0, 0, 0, 0)'[39m,
  backgroundImage: [32m'none'[39m
}
✅ Text visibility check passed: Text RGB(15,23,42)
]]>
</system-out>
</testcase>
</testsuite>
</testsuites>